The system is: Windows - 10.0.18363 - AMD64
Compiling the C compiler identification source file "CMakeCCompilerId.c" succeeded.
Compiler: C:/Program Files (x86)/Microsoft Visual Studio/2019/Community/VC/Tools/MSVC/14.24.28314/bin/HostX64/x64/cl.exe 
Build flags: 
Id flags:  

The output was:
0
Microsoft (R) C/C++ Optimizing Compiler Version 19.24.28314 for x64
Copyright (C) Microsoft Corporation.  All rights reserved.

CMakeCCompilerId.c
Microsoft (R) Incremental Linker Version 14.24.28314.0
Copyright (C) Microsoft Corporation.  All rights reserved.

/out:CMakeCCompilerId.exe 
CMakeCCompilerId.obj 


Compilation of the C compiler identification source "CMakeCCompilerId.c" produced "CMakeCCompilerId.exe"

Compilation of the C compiler identification source "CMakeCCompilerId.c" produced "CMakeCCompilerId.obj"

The C compiler identification is MSVC, found in "C:/Dev/C++/SFML/out/build/x64-Debug/CMakeFiles/3.15.19101501-MSVC_2/CompilerIdC/CMakeCCompilerId.exe"

Compiling the CXX compiler identification source file "CMakeCXXCompilerId.cpp" succeeded.
Compiler: C:/Program Files (x86)/Microsoft Visual Studio/2019/Community/VC/Tools/MSVC/14.24.28314/bin/HostX64/x64/cl.exe 
Build flags: 
Id flags:  

The output was:
0
Microsoft (R) C/C++ Optimizing Compiler Version 19.24.28314 for x64
Copyright (C) Microsoft Corporation.  All rights reserved.

CMakeCXXCompilerId.cpp
Microsoft (R) Incremental Linker Version 14.24.28314.0
Copyright (C) Microsoft Corporation.  All rights reserved.

/out:CMakeCXXCompilerId.exe 
CMakeCXXCompilerId.obj 


Compilation of the CXX compiler identification source "CMakeCXXCompilerId.cpp" produced "CMakeCXXCompilerId.exe"

Compilation of the CXX compiler identification source "CMakeCXXCompilerId.cpp" produced "CMakeCXXCompilerId.obj"

The CXX compiler identification is MSVC, found in "C:/Dev/C++/SFML/out/build/x64-Debug/CMakeFiles/3.15.19101501-MSVC_2/CompilerIdCXX/CMakeCXXCompilerId.exe"

Determining if the C compiler works passed with the following output:
Change Dir: C:/Dev/C++/SFML/out/build/x64-Debug/CMakeFiles/CMakeTmp

Run Build Command(s):C:/Program Files (x86)/Microsoft Visual Studio/2019/Community/Common7/IDE/CommonExtensions/Microsoft/CMake/Ninja/ninja.exe cmTC_36a51 && [1/2] Building C object CMakeFiles\cmTC_36a51.dir\testCCompiler.c.obj
[2/2] Linking C executable cmTC_36a51.exe



Detecting C compiler ABI info compiled with the following output:
Change Dir: C:/Dev/C++/SFML/out/build/x64-Debug/CMakeFiles/CMakeTmp

Run Build Command(s):C:/Program Files (x86)/Microsoft Visual Studio/2019/Community/Common7/IDE/CommonExtensions/Microsoft/CMake/Ninja/ninja.exe cmTC_6cf21 && [1/2] Building C object CMakeFiles\cmTC_6cf21.dir\CMakeCCompilerABI.c.obj
[2/2] Linking C executable cmTC_6cf21.exe



Determining if the CXX compiler works passed with the following output:
Change Dir: C:/Dev/C++/SFML/out/build/x64-Debug/CMakeFiles/CMakeTmp

Run Build Command(s):C:/Program Files (x86)/Microsoft Visual Studio/2019/Community/Common7/IDE/CommonExtensions/Microsoft/CMake/Ninja/ninja.exe cmTC_e7d36 && [1/2] Building CXX object CMakeFiles\cmTC_e7d36.dir\testCXXCompiler.cxx.obj
[2/2] Linking CXX executable cmTC_e7d36.exe



Detecting CXX compiler ABI info compiled with the following output:
Change Dir: C:/Dev/C++/SFML/out/build/x64-Debug/CMakeFiles/CMakeTmp

Run Build Command(s):C:/Program Files (x86)/Microsoft Visual Studio/2019/Community/Common7/IDE/CommonExtensions/Microsoft/CMake/Ninja/ninja.exe cmTC_5c969 && [1/2] Building CXX object CMakeFiles\cmTC_5c969.dir\CMakeCXXCompilerABI.cpp.obj
[2/2] Linking CXX executable cmTC_5c969.exe



Determining if the include file sys/types.h exists passed with the following output:
Change Dir: C:/Dev/C++/SFML/out/build/x64-Debug/CMakeFiles/CMakeTmp

Run Build Command(s):C:/Program Files (x86)/Microsoft Visual Studio/2019/Community/Common7/IDE/CommonExtensions/Microsoft/CMake/Ninja/ninja.exe cmTC_79359 && [1/2] Building C object CMakeFiles\cmTC_79359.dir\CheckIncludeFile.c.obj
[2/2] Linking C executable cmTC_79359.exe



Determining if the include file stdint.h exists passed with the following output:
Change Dir: C:/Dev/C++/SFML/out/build/x64-Debug/CMakeFiles/CMakeTmp

Run Build Command(s):C:/Program Files (x86)/Microsoft Visual Studio/2019/Community/Common7/IDE/CommonExtensions/Microsoft/CMake/Ninja/ninja.exe cmTC_74d10 && [1/2] Building C object CMakeFiles\cmTC_74d10.dir\CheckIncludeFile.c.obj
[2/2] Linking C executable cmTC_74d10.exe



Determining if the include file stddef.h exists passed with the following output:
Change Dir: C:/Dev/C++/SFML/out/build/x64-Debug/CMakeFiles/CMakeTmp

Run Build Command(s):C:/Program Files (x86)/Microsoft Visual Studio/2019/Community/Common7/IDE/CommonExtensions/Microsoft/CMake/Ninja/ninja.exe cmTC_32275 && [1/2] Building C object CMakeFiles\cmTC_32275.dir\CheckIncludeFile.c.obj
[2/2] Linking C executable cmTC_32275.exe



Determining size of void* passed with the following output:
Change Dir: C:/Dev/C++/SFML/out/build/x64-Debug/CMakeFiles/CMakeTmp

Run Build Command(s):C:/Program Files (x86)/Microsoft Visual Studio/2019/Community/Common7/IDE/CommonExtensions/Microsoft/CMake/Ninja/ninja.exe cmTC_5fc52 && [1/2] Building C object CMakeFiles\cmTC_5fc52.dir\SIZEOF_VOID_PTR.c.obj
[2/2] Linking C executable cmTC_5fc52.exe



