  Clock.cpp
  Err.cpp
  FileInputStream.cpp
C:\Users\felip\Desktop\SFML-master\src\SFML\System\FileInputStream.cpp(69,1): warning C4996: 'fopen': This function or variable may be unsafe. Consider using fopen_s instead. To disable deprecation, use _CRT_SECURE_NO_WARNINGS. See online help for details.
C:\Program Files (x86)\Windows Kits\10\Include\10.0.18362.0\ucrt\stdio.h(208): message : see declaration of 'fopen'
  Lock.cpp
  MemoryInputStream.cpp
  Mutex.cpp
  Sleep.cpp
  String.cpp
  Thread.cpp
  ThreadLocal.cpp
  Time.cpp
  ClockImpl.cpp
C:\Users\felip\Desktop\SFML-master\src\SFML\System\Win32\ClockImpl.cpp(46,5): warning C4996: 'GetVersion': was declared deprecated
C:\Program Files (x86)\Windows Kits\10\Include\10.0.18362.0\um\sysinfoapi.h(144): message : see declaration of 'GetVersion'
  MutexImpl.cpp
  SleepImpl.cpp
  ThreadImpl.cpp
  ThreadLocalImpl.cpp
  Generating Code...
     Creating library ..\bin\x86\sfml-system-d.lib and object ..\bin\x86\sfml-system-d.exp
SleepImpl.obj : error LNK2019: unresolved external symbol __imp__timeGetDevCaps@8 referenced in function "void __cdecl sf::priv::sleepImpl(class sf::Time)" (?sleepImpl@priv@sf@@YAXVTime@2@@Z)
SleepImpl.obj : error LNK2019: unresolved external symbol __imp__timeBeginPeriod@4 referenced in function "void __cdecl sf::priv::sleepImpl(class sf::Time)" (?sleepImpl@priv@sf@@YAXVTime@2@@Z)
SleepImpl.obj : error LNK2019: unresolved external symbol __imp__timeEndPeriod@4 referenced in function "void __cdecl sf::priv::sleepImpl(class sf::Time)" (?sleepImpl@priv@sf@@YAXVTime@2@@Z)
..\bin\x86\sfml-system-d.dll : fatal error LNK1120: 3 unresolved externals
